<?xml version="1.0" encoding="UTF-8"?>
<testsuite xmlns:xsi="http://www.w3.org/2001/XMLSchema-instance" xsi:noNamespaceSchemaLocation="https://maven.apache.org/surefire/maven-surefire-plugin/xsd/surefire-test-report-3.0.xsd" version="3.0" name="com.in28minutes.rest.webservices.restfulwebservices.RestfulWebServicesApplicationTests" time="17.277" tests="1" errors="0" skipped="0" failures="0">
  <properties>
[...]
</properties>
  <testcase name="contextLoads" classname="com.in28minutes.rest.webservices.restfulwebservices.RestfulWebServicesApplicationTests" time="1.763">
    <system-out><![CDATA[18:16:44.176 [main] INFO org.springframework.test.context.support.AnnotationConfigContextLoaderUtils -- Could not detect default configuration classes for test class [com.in28minutes.rest.webservices.restfulwebservices.RestfulWebServicesApplicationTests]: RestfulWebServicesApplicationTests does not declare any static, non-private, non-final, nested classes annotated with @Configuration.
18:16:44.559 [main] INFO org.springframework.boot.test.context.SpringBootTestContextBootstrapper -- Found @SpringBootConfiguration com.in28minutes.rest.webservices.restfulwebservices.RestfulWebServicesApplication for test class com.in28minutes.rest.webservices.restfulwebservices.RestfulWebServicesApplicationTests

  .   ____          _            __ _ _
 /\\ / ___'_ __ _ _(_)_ __  __ _ \ \ \ \
( ( )\___ | '_ | '_| | '_ \/ _` | \ \ \ \
 \\/  ___)| |_)| | | | | || (_| |  ) ) ) )
  '  |____| .__|_| |_|_| |_\__, | / / / /
 =========|_|==============|___/=/_/_/_/
 :: Spring Boot ::                (v3.1.1)

2023-09-07T18:16:46.111+09:00  INFO 1768 --- [           main] r.w.r.RestfulWebServicesApplicationTests : Starting RestfulWebServicesApplicationTests using Java 17.0.7 with PID 1768 (started by tsubasa in /Users/tsubasa/git/src/github.com/tsubauaaa/MasterSpringBoot3AndSpringFramework6WithJava/91-aws/02-rest-api-mysql)
2023-09-07T18:16:46.116+09:00  INFO 1768 --- [           main] r.w.r.RestfulWebServicesApplicationTests : No active profile set, falling back to 1 default profile: "default"
2023-09-07T18:16:49.000+09:00  INFO 1768 --- [           main] .s.d.r.c.RepositoryConfigurationDelegate : Bootstrapping Spring Data JPA repositories in DEFAULT mode.
2023-09-07T18:16:49.140+09:00  INFO 1768 --- [           main] .s.d.r.c.RepositoryConfigurationDelegate : Finished Spring Data repository scanning in 124 ms. Found 2 JPA repository interfaces.
2023-09-07T18:16:50.482+09:00  INFO 1768 --- [           main] o.hibernate.jpa.internal.util.LogHelper  : HHH000204: Processing PersistenceUnitInfo [name: default]
2023-09-07T18:16:50.639+09:00  INFO 1768 --- [           main] org.hibernate.Version                    : HHH000412: Hibernate ORM core version 6.2.5.Final
2023-09-07T18:16:50.653+09:00  INFO 1768 --- [           main] org.hibernate.cfg.Environment            : HHH000406: Using bytecode reflection optimizer
2023-09-07T18:16:51.093+09:00  INFO 1768 --- [           main] o.h.b.i.BytecodeProviderInitiator        : HHH000021: Bytecode provider name : bytebuddy
2023-09-07T18:16:51.423+09:00  INFO 1768 --- [           main] o.s.o.j.p.SpringPersistenceUnitInfo      : No LoadTimeWeaver setup: ignoring JPA class transformer
2023-09-07T18:16:51.454+09:00  INFO 1768 --- [           main] com.zaxxer.hikari.HikariDataSource       : HikariPool-1 - Starting...
2023-09-07T18:16:52.391+09:00  INFO 1768 --- [           main] com.zaxxer.hikari.pool.HikariPool        : HikariPool-1 - Added connection com.mysql.cj.jdbc.ConnectionImpl@36511772
2023-09-07T18:16:52.395+09:00  INFO 1768 --- [           main] com.zaxxer.hikari.HikariDataSource       : HikariPool-1 - Start completed.
2023-09-07T18:16:53.266+09:00  INFO 1768 --- [           main] o.h.b.i.BytecodeProviderInitiator        : HHH000021: Bytecode provider name : bytebuddy
2023-09-07T18:16:55.180+09:00  INFO 1768 --- [           main] o.h.e.t.j.p.i.JtaPlatformInitiator       : HHH000490: Using JtaPlatform implementation: [org.hibernate.engine.transaction.jta.platform.internal.NoJtaPlatform]
2023-09-07T18:16:55.311+09:00  INFO 1768 --- [           main] j.LocalContainerEntityManagerFactoryBean : Initialized JPA EntityManagerFactory for persistence unit 'default'
2023-09-07T18:16:56.122+09:00  WARN 1768 --- [           main] JpaBaseConfiguration$JpaWebConfiguration : spring.jpa.open-in-view is enabled by default. Therefore, database queries may be performed during view rendering. Explicitly configure spring.jpa.open-in-view to disable this warning
2023-09-07T18:16:57.799+09:00  INFO 1768 --- [           main] o.s.b.a.e.web.EndpointLinksResolver      : Exposing 13 endpoint(s) beneath base path '/actuator'
2023-09-07T18:16:57.924+09:00  INFO 1768 --- [           main] o.s.s.web.DefaultSecurityFilterChain     : Will secure any request with [org.springframework.security.web.session.DisableEncodeUrlFilter@52bcd7c9, org.springframework.security.web.context.request.async.WebAsyncManagerIntegrationFilter@22495f2f, org.springframework.security.web.context.SecurityContextHolderFilter@2ff2a096, org.springframework.security.web.header.HeaderWriterFilter@7320bccc, org.springframework.security.web.authentication.logout.LogoutFilter@72f71ea2, org.springframework.security.web.authentication.www.BasicAuthenticationFilter@31b827a6, org.springframework.security.web.savedrequest.RequestCacheAwareFilter@44f8d884, org.springframework.security.web.servletapi.SecurityContextHolderAwareRequestFilter@11548363, org.springframework.security.web.authentication.AnonymousAuthenticationFilter@25fb43a9, org.springframework.security.web.access.ExceptionTranslationFilter@36a59d8, org.springframework.security.web.access.intercept.AuthorizationFilter@712eb075]
2023-09-07T18:16:59.083+09:00  INFO 1768 --- [           main] r.w.r.RestfulWebServicesApplicationTests : Started RestfulWebServicesApplicationTests in 13.869 seconds (process running for 17.278)
]]></system-out>
  </testcase>
</testsuite>